Release 14.7 - xst P.20131013 (nt64)
Copyright (c) 1995-2013 Xilinx, Inc.  All rights reserved.
--> Parameter TMPDIR set to xst/projnav.tmp


Total REAL time to Xst completion: 0.00 secs
Total CPU time to Xst completion: 0.13 secs
 
--> Parameter xsthdpdir set to xst


Total REAL time to Xst completion: 0.00 secs
Total CPU time to Xst completion: 0.13 secs
 
--> Reading design: code.prj

TABLE OF CONTENTS
  1) Synthesis Options Summary
  2) HDL Compilation
  3) Design Hierarchy Analysis
  4) HDL Analysis
  5) HDL Synthesis
     5.1) HDL Synthesis Report
  6) Advanced HDL Synthesis
     6.1) Advanced HDL Synthesis Report
  7) Low Level Synthesis
  8) Partition Report
  9) Final Report
	9.1) Device utilization summary
	9.2) Partition Resource Summary
	9.3) TIMING REPORT


=========================================================================
*                      Synthesis Options Summary                        *
=========================================================================
---- Source Parameters
Input File Name                    : "code.prj"
Input Format                       : mixed
Ignore Synthesis Constraint File   : NO

---- Target Parameters
Output File Name                   : "code"
Output Format                      : NGC
Target Device                      : xc3s100e-5-cp132

---- Source Options
Top Module Name                    : code
Automatic FSM Extraction           : YES
FSM Encoding Algorithm             : Auto
Safe Implementation                : No
FSM Style                          : LUT
RAM Extraction                     : Yes
RAM Style                          : Auto
ROM Extraction                     : Yes
Mux Style                          : Auto
Decoder Extraction                 : YES
Priority Encoder Extraction        : Yes
Shift Register Extraction          : YES
Logical Shifter Extraction         : YES
XOR Collapsing                     : YES
ROM Style                          : Auto
Mux Extraction                     : Yes
Resource Sharing                   : YES
Asynchronous To Synchronous        : NO
Multiplier Style                   : Auto
Automatic Register Balancing       : No

---- Target Options
Add IO Buffers                     : YES
Global Maximum Fanout              : 100000
Add Generic Clock Buffer(BUFG)     : 24
Register Duplication               : YES
Slice Packing                      : YES
Optimize Instantiated Primitives   : NO
Use Clock Enable                   : Yes
Use Synchronous Set                : Yes
Use Synchronous Reset              : Yes
Pack IO Registers into IOBs        : Auto
Equivalent register Removal        : YES

---- General Options
Optimization Goal                  : Speed
Optimization Effort                : 1
Keep Hierarchy                     : No
Netlist Hierarchy                  : As_Optimized
RTL Output                         : Yes
Global Optimization                : AllClockNets
Read Cores                         : YES
Write Timing Constraints           : NO
Cross Clock Analysis               : NO
Hierarchy Separator                : /
Bus Delimiter                      : <>
Case Specifier                     : Maintain
Slice Utilization Ratio            : 100
BRAM Utilization Ratio             : 100
Verilog 2001                       : YES
Auto BRAM Packing                  : NO
Slice Utilization Ratio Delta      : 5

=========================================================================


=========================================================================
*                          HDL Compilation                              *
=========================================================================
Compiling verilog file "code.v" in library work
Module <code> compiled
No errors in compilation
Analysis of file <"code.prj"> succeeded.
 

=========================================================================
*                     Design Hierarchy Analysis                         *
=========================================================================
Analyzing hierarchy for module <code> in library <work>.


=========================================================================
*                            HDL Analysis                               *
=========================================================================
Analyzing top module <code>.
Module <code> is correct for synthesis.
 

=========================================================================
*                           HDL Synthesis                               *
=========================================================================

Performing bidirectional port resolution...

Synthesizing Unit <code>.
    Related source file is "code.v".
WARNING:Xst:647 - Input <OP> is never used. This port will be preserved and left unconnected if it belongs to a top-level block or it belongs to a sub-block and the hierarchy of this sub-block is preserved.
    Found 1-bit xor2 for signal <flags_0$xor0000> created at line 44.
    Found 1-bit xor2 for signal <flags_0$xor0001> created at line 44.
    Found 1-bit xor2 for signal <flags_0$xor0002> created at line 39.
    Found 32-bit comparator greater for signal <flags_1$cmp_gt0000> created at line 38.
    Found 32-bit comparator greater for signal <flags_1$cmp_gt0001> created at line 43.
    Found 32-bit comparator less for signal <flags_1$cmp_lt0000> created at line 33.
    Found 32-bit comparator less for signal <flags_1$cmp_lt0001> created at line 43.
    Found 32-bit addsub for signal <out$addsub0000>.
    Found 32-bit xor2 for signal <out$xor0000> created at line 16.
    Summary:
	inferred   1 Adder/Subtractor(s).
	inferred   4 Comparator(s).
Unit <code> synthesized.

INFO:Xst:1767 - HDL ADVISOR - Resource sharing has identified that some arithmetic operations in this design can share the same physical resources for reduced device utilization. For improved clock frequency you may try to disable resource sharing.

=========================================================================
HDL Synthesis Report

Macro Statistics
# Adders/Subtractors                                   : 1
 32-bit addsub                                         : 1
# Comparators                                          : 4
 32-bit comparator greater                             : 2
 32-bit comparator less                                : 2
# Xors                                                 : 4
 1-bit xor2                                            : 3
 32-bit xor2                                           : 1

=========================================================================

=========================================================================
*                       Advanced HDL Synthesis                          *
=========================================================================


=========================================================================
Advanced HDL Synthesis Report

Macro Statistics
# Adders/Subtractors                                   : 1
 32-bit addsub                                         : 1
# Comparators                                          : 4
 32-bit comparator greater                             : 2
 32-bit comparator less                                : 2
# Xors                                                 : 4
 1-bit xor2                                            : 3
 32-bit xor2                                           : 1

=========================================================================

=========================================================================
*                         Low Level Synthesis                           *
=========================================================================

Optimizing unit <code> ...

Mapping all equations...
Building and optimizing final netlist ...
Found area constraint ratio of 100 (+ 5) on block code, actual ratio is 21.

Final Macro Processing ...

=========================================================================
Final Register Report

Found no macro
=========================================================================

=========================================================================
*                           Partition Report                            *
=========================================================================

Partition Implementation Status
-------------------------------

  No Partitions were found in this design.

-------------------------------

=========================================================================
*                            Final Report                               *
=========================================================================
Final Results
RTL Top Level Output File Name     : code.ngr
Top Level Output File Name         : alu_module
Output Format                      : NGC
Optimization Goal                  : Speed
Keep Hierarchy                     : No

Design Statistics
# IOs                              : 106

Cell Usage :
# BELS                             : 576
#      GND                         : 1
#      LUT2                        : 128
#      LUT3                        : 97
#      LUT4                        : 116
#      MUXCY                       : 167
#      MUXF5                       : 34
#      VCC                         : 1
#      XORCY                       : 32
# IO Buffers                       : 104
#      IBUF                        : 68
#      OBUF                        : 36
=========================================================================

Device utilization summary:
---------------------------

Selected Device : 3s100ecp132-5 

 Number of Slices:                      197  out of    960    20%  
 Number of 4 input LUTs:                341  out of   1920    17%  
 Number of IOs:                         106
 Number of bonded IOBs:                 104  out of     83   125% (*) 

WARNING:Xst:1336 -  (*) More than 100% of Device resources are used

---------------------------
Partition Resource Summary:
---------------------------

  No Partitions were found in this design.

---------------------------


=========================================================================
TIMING REPORT

NOTE: THESE TIMING NUMBERS ARE ONLY A SYNTHESIS ESTIMATE.
      FOR ACCURATE TIMING INFORMATION PLEASE REFER TO THE TRACE REPORT
      GENERATED AFTER PLACE-and-ROUTE.

Clock Information:
------------------
No clock signals found in this design

Asynchronous Control Signals Information:
----------------------------------------
No asynchronous control signals found in this design

Timing Summary:
---------------
Speed Grade: -5

   Minimum period: No path found
   Minimum input arrival time before clock: No path found
   Maximum output required time after clock: No path found
   Maximum combinational path delay: 17.125ns

Timing Detail:
--------------
All values displayed in nanoseconds (ns)

=========================================================================
Timing constraint: Default path analysis
  Total number of paths / destination ports: 77355 / 36
-------------------------------------------------------------------------
Delay:               17.125ns (Levels of Logic = 43)
  Source:            cmd<1> (PAD)
  Destination:       flags<1> (PAD)

  Data Path: cmd<1> to flags<1>
                                Gate     Net
    Cell:in->out      fanout   Delay   Delay  Logical Name (Net Name)
    ----------------------------------------  ------------
     IBUF:I->O            10   1.106   0.902  cmd_1_IBUF (cmd_1_IBUF)
     LUT4:I0->O           62   0.612   1.233  out_cmp_eq00001 (out_cmp_eq0000)
     LUT3:I0->O            1   0.612   0.509  out_mux0000<0>1 (out_mux0000<0>)
     LUT3:I0->O            1   0.612   0.000  Maddsub_out_addsub0000_lut<0> (Maddsub_out_addsub0000_lut<0>)
     MUXCY:S->O            1   0.404   0.000  Maddsub_out_addsub0000_cy<0> (Maddsub_out_addsub0000_cy<0>)
     MUXCY:CI->O           1   0.052   0.000  Maddsub_out_addsub0000_cy<1> (Maddsub_out_addsub0000_cy<1>)
     MUXCY:CI->O           1   0.052   0.000  Maddsub_out_addsub0000_cy<2> (Maddsub_out_addsub0000_cy<2>)
     MUXCY:CI->O           1   0.052   0.000  Maddsub_out_addsub0000_cy<3> (Maddsub_out_addsub0000_cy<3>)
     MUXCY:CI->O           1   0.052   0.000  Maddsub_out_addsub0000_cy<4> (Maddsub_out_addsub0000_cy<4>)
     MUXCY:CI->O           1   0.052   0.000  Maddsub_out_addsub0000_cy<5> (Maddsub_out_addsub0000_cy<5>)
     MUXCY:CI->O           1   0.052   0.000  Maddsub_out_addsub0000_cy<6> (Maddsub_out_addsub0000_cy<6>)
     MUXCY:CI->O           1   0.052   0.000  Maddsub_out_addsub0000_cy<7> (Maddsub_out_addsub0000_cy<7>)
     MUXCY:CI->O           1   0.052   0.000  Maddsub_out_addsub0000_cy<8> (Maddsub_out_addsub0000_cy<8>)
     MUXCY:CI->O           1   0.052   0.000  Maddsub_out_addsub0000_cy<9> (Maddsub_out_addsub0000_cy<9>)
     MUXCY:CI->O           1   0.052   0.000  Maddsub_out_addsub0000_cy<10> (Maddsub_out_addsub0000_cy<10>)
     MUXCY:CI->O           1   0.052   0.000  Maddsub_out_addsub0000_cy<11> (Maddsub_out_addsub0000_cy<11>)
     MUXCY:CI->O           1   0.052   0.000  Maddsub_out_addsub0000_cy<12> (Maddsub_out_addsub0000_cy<12>)
     MUXCY:CI->O           1   0.052   0.000  Maddsub_out_addsub0000_cy<13> (Maddsub_out_addsub0000_cy<13>)
     MUXCY:CI->O           1   0.052   0.000  Maddsub_out_addsub0000_cy<14> (Maddsub_out_addsub0000_cy<14>)
     MUXCY:CI->O           1   0.052   0.000  Maddsub_out_addsub0000_cy<15> (Maddsub_out_addsub0000_cy<15>)
     MUXCY:CI->O           1   0.052   0.000  Maddsub_out_addsub0000_cy<16> (Maddsub_out_addsub0000_cy<16>)
     MUXCY:CI->O           1   0.052   0.000  Maddsub_out_addsub0000_cy<17> (Maddsub_out_addsub0000_cy<17>)
     MUXCY:CI->O           1   0.052   0.000  Maddsub_out_addsub0000_cy<18> (Maddsub_out_addsub0000_cy<18>)
     MUXCY:CI->O           1   0.052   0.000  Maddsub_out_addsub0000_cy<19> (Maddsub_out_addsub0000_cy<19>)
     MUXCY:CI->O           1   0.052   0.000  Maddsub_out_addsub0000_cy<20> (Maddsub_out_addsub0000_cy<20>)
     MUXCY:CI->O           1   0.052   0.000  Maddsub_out_addsub0000_cy<21> (Maddsub_out_addsub0000_cy<21>)
     MUXCY:CI->O           1   0.052   0.000  Maddsub_out_addsub0000_cy<22> (Maddsub_out_addsub0000_cy<22>)
     MUXCY:CI->O           1   0.052   0.000  Maddsub_out_addsub0000_cy<23> (Maddsub_out_addsub0000_cy<23>)
     MUXCY:CI->O           1   0.052   0.000  Maddsub_out_addsub0000_cy<24> (Maddsub_out_addsub0000_cy<24>)
     MUXCY:CI->O           1   0.052   0.000  Maddsub_out_addsub0000_cy<25> (Maddsub_out_addsub0000_cy<25>)
     MUXCY:CI->O           1   0.052   0.000  Maddsub_out_addsub0000_cy<26> (Maddsub_out_addsub0000_cy<26>)
     MUXCY:CI->O           1   0.052   0.000  Maddsub_out_addsub0000_cy<27> (Maddsub_out_addsub0000_cy<27>)
     MUXCY:CI->O           1   0.052   0.000  Maddsub_out_addsub0000_cy<28> (Maddsub_out_addsub0000_cy<28>)
     MUXCY:CI->O           1   0.052   0.000  Maddsub_out_addsub0000_cy<29> (Maddsub_out_addsub0000_cy<29>)
     MUXCY:CI->O           0   0.052   0.000  Maddsub_out_addsub0000_cy<30> (Maddsub_out_addsub0000_cy<30>)
     XORCY:CI->O           1   0.699   0.387  Maddsub_out_addsub0000_xor<31> (out_addsub0000<31>)
     LUT4:I2->O            7   0.612   0.754  out<31>42 (out_31_OBUF)
     LUT2:I0->O            1   0.612   0.000  Mcompar_flags_1_cmp_gt0001_lut<31> (Mcompar_flags_1_cmp_gt0001_lut<31>)
     MUXCY:S->O            1   0.752   0.387  Mcompar_flags_1_cmp_gt0001_cy<31> (Mcompar_flags_1_cmp_gt0001_cy<31>)
     LUT4:I2->O            1   0.612   0.000  flags_1_mux000036_SW01 (flags_1_mux000036_SW0)
     MUXF5:I1->O           1   0.278   0.360  flags_1_mux000036_SW0_f5 (N76)
     LUT4:I3->O            1   0.612   0.357  flags_1_mux000036 (flags_1_OBUF)
     OBUF:I->O                 3.169          flags_1_OBUF (flags<1>)
    ----------------------------------------
    Total                     17.125ns (12.237ns logic, 4.888ns route)
                                       (71.5% logic, 28.5% route)

=========================================================================


Total REAL time to Xst completion: 6.00 secs
Total CPU time to Xst completion: 6.43 secs
 
--> 

Total memory usage is 4526808 kilobytes

Number of errors   :    0 (   0 filtered)
Number of warnings :    2 (   0 filtered)
Number of infos    :    1 (   0 filtered)


-----tb

`timescale 1ns / 1ps

module tb;
      reg [1:0] temp;
    reg [3:0] cm;


    reg [31:0] num1;
    reg [31:0] num2;


  wire [3:0] FL;
    wire [31:0] num3;

	hw7 uut (
	.num1(num1),
	.num2(num2),
	.temp(temp),
	.cm(cm),
	.FL(FL),
	.num3(num3)
	);

initial gin
#100

num1=32'h00011;
num2=32'h00101;

#100; cm=0;
#100; cm=1;
#100; cm = 2;
#100; cm = 3;
#100; cm = 4;
#100; cm = 10;
#100; cm = 12;
end

endmodule






